app/build/outputs/logs/manifest-merger-debug-report.txt
-- Merging decision tree log ---
manifest
ADDED from src\main\AndroidManifest.xml:2:1-228:12
	package
		ADDED from src\main\AndroidManifest.xml:3:5-41
		INJECTED from src\main\AndroidManifest.xml
		INJECTED from src\main\AndroidManifest.xml
	android:versionName
		INJECTED from src\main\AndroidManifest.xml
		INJECTED from src\main\AndroidManifest.xml
	xmlns:android
		ADDED from src\main\AndroidManifest.xml:2:11-69
	android:versionCode
		INJECTED from src\main\AndroidManifest.xml
		INJECTED from src\main\AndroidManifest.xml
uses-sdk
ADDED from src\main\AndroidManifest.xml:4:5-6:41
MERGED from [com.android.support:multidex:1.0.1] AndroidManifest.xml:18:5-42
MERGED from [com.android.support:appcompat-v7:23.1.1] AndroidManifest.xml:20:5-43
MERGED from [com.android.support:support-v4:23.1.1] AndroidManifest.xml:20:5-43
MERGED from [com.android.support:design:23.1.1] AndroidManifest.xml:20:5-43
MERGED from [com.android.support:appcompat-v7:23.1.1] AndroidManifest.xml:20:5-43
MERGED from [com.android.support:support-v4:23.1.1] AndroidManifest.xml:20:5-43
MERGED from [com.android.support:recyclerview-v7:23.1.1] AndroidManifest.xml:20:5-43
MERGED from [com.android.support:support-v4:23.1.1] AndroidManifest.xml:20:5-43
MERGED from [com.android.support:support-v4:23.1.1] AndroidManifest.xml:20:5-43
MERGED from [org.xutils:xutils:3.3.20] AndroidManifest.xml:8:5-10:41
MERGED from [:SMSSDK-2.0.2:] AndroidManifest.xml:7:5-9:41
MERGED from [:SMSSDKGUI-2.0.2:] AndroidManifest.xml:7:5-9:41
MERGED from [Chihuobao:library:unspecified] AndroidManifest.xml:8:5-10:41
MERGED from [com.android.support:support-v4:23.1.1] AndroidManifest.xml:20:5-43
	android:targetSdkVersion
		ADDED from src\main\AndroidManifest.xml:6:9-38
		INJECTED from src\main\AndroidManifest.xml
		INJECTED from src\main\AndroidManifest.xml
	android:minSdkVersion
		ADDED from src\main\AndroidManifest.xml:5:9-35
		INJECTED from src\main\AndroidManifest.xml
		INJECTED from src\main\AndroidManifest.xml
permission#com.example.dell.chihuobao.permission.JPUSH_MESSAGE
ADDED from src\main\AndroidManifest.xml:8:5-10:47
	android:protectionLevel
		ADDED from src\main\AndroidManifest.xml:10:9-44
	android:name
		ADDED from src\main\AndroidManifest.xml:9:9-75
uses-permission#com.example.dell.chihuobao.permission.JPUSH_MESSAGE
ADDED from src\main\AndroidManifest.xml:13:5-91
	android:name
		ADDED from src\main\AndroidManifest.xml:13:22-88
uses-permission#android.permission.RECEIVE_USER_PRESENT
ADDED from src\main\AndroidManifest.xml:14:5-79
	android:name
		ADDED from src\main\AndroidManifest.xml:14:22-76
uses-permission#android.permission.INTERNET
ADDED from src\main\AndroidManifest.xml:15:5-67
	android:name
		ADDED from src\main\AndroidManifest.xml:15:22-64
uses-permission#android.permission.WAKE_LOCK
ADDED from src\main\AndroidManifest.xml:16:5-68
	android:name
		ADDED from src\main\AndroidManifest.xml:16:22-65
uses-permission#android.permission.READ_PHONE_STATE
ADDED from src\main\AndroidManifest.xml:17:5-75
	android:name
		ADDED from src\main\AndroidManifest.xml:17:22-72
uses-permission#android.permission.WRITE_EXTERNAL_STORAGE
ADDED from src\main\AndroidManifest.xml:18:5-81
	android:name
		ADDED from src\main\AndroidManifest.xml:18:22-78
uses-permission#android.permission.READ_EXTERNAL_STORAGE
ADDED from src\main\AndroidManifest.xml:19:5-80
	android:name
		ADDED from src\main\AndroidManifest.xml:19:22-77
uses-permission#android.permission.WRITE_SETTINGS
ADDED from src\main\AndroidManifest.xml:20:5-73
	android:name
		ADDED from src\main\AndroidManifest.xml:20:22-70
uses-permission#android.permission.VIBRATE
ADDED from src\main\AndroidManifest.xml:21:5-66
	android:name
		ADDED from src\main\AndroidManifest.xml:21:22-63
uses-permission#android.permission.MOUNT_UNMOUNT_FILESYSTEMS
ADDED from src\main\AndroidManifest.xml:22:5-84
	android:name
		ADDED from src\main\AndroidManifest.xml:22:22-81
uses-permission#android.permission.ACCESS_NETWORK_STATE
ADDED from src\main\AndroidManifest.xml:23:5-79
	android:name
		ADDED from src\main\AndroidManifest.xml:23:22-76
uses-permission#android.permission.SYSTEM_ALERT_WINDOW
ADDED from src\main\AndroidManifest.xml:24:5-78
	android:name
		ADDED from src\main\AndroidManifest.xml:24:22-75
uses-permission#android.permission.ACCESS_COARSE_LOCATION
ADDED from src\main\AndroidManifest.xml:27:5-81
	android:name
		ADDED from src\main\AndroidManifest.xml:27:22-78
uses-permission#android.permission.ACCESS_WIFI_STATE
ADDED from src\main\AndroidManifest.xml:28:5-76
	android:name
		ADDED from src\main\AndroidManifest.xml:28:22-73
uses-permission#android.permission.CHANGE_WIFI_STATE
ADDED from src\main\AndroidManifest.xml:29:5-76
	android:name
		ADDED from src\main\AndroidManifest.xml:29:22-73
uses-permission#android.permission.ACCESS_FINE_LOCATION
ADDED from src\main\AndroidManifest.xml:30:5-79
	android:name
		ADDED from src\main\AndroidManifest.xml:30:22-76
uses-permission#android.permission.ACCESS_LOCATION_EXTRA_COMMANDS
ADDED from src\main\AndroidManifest.xml:31:5-89
	android:name
		ADDED from src\main\AndroidManifest.xml:31:22-86
uses-permission#android.permission.CHANGE_NETWORK_STATE
ADDED from src\main\AndroidManifest.xml:32:5-79
	android:name
		ADDED from src\main\AndroidManifest.xml:32:22-76
supports-screens
ADDED from src\main\AndroidManifest.xml:34:5-39:39
	android:largeScreens
		ADDED from src\main\AndroidManifest.xml:36:9-36
	android:smallScreens
		ADDED from src\main\AndroidManifest.xml:39:9-36
	android:normalScreens
		ADDED from src\main\AndroidManifest.xml:37:9-38
	android:resizeable
		ADDED from src\main\AndroidManifest.xml:38:9-34
	android:anyDensity
		ADDED from src\main\AndroidManifest.xml:35:9-34
application
ADDED from src\main\AndroidManifest.xml:40:5-206:19
MERGED from [com.android.support:appcompat-v7:23.1.1] AndroidManifest.xml:22:5-20
MERGED from [com.android.support:support-v4:23.1.1] AndroidManifest.xml:22:5-20
MERGED from [com.android.support:design:23.1.1] AndroidManifest.xml:22:5-20
MERGED from [com.android.support:appcompat-v7:23.1.1] AndroidManifest.xml:22:5-20
MERGED from [com.android.support:support-v4:23.1.1] AndroidManifest.xml:22:5-20
MERGED from [com.android.support:support-v4:23.1.1] AndroidManifest.xml:22:5-20
MERGED from [com.android.support:support-v4:23.1.1] AndroidManifest.xml:22:5-20
MERGED from [org.xutils:xutils:3.3.20] AndroidManifest.xml:12:5-20
MERGED from [:SMSSDK-2.0.2:] AndroidManifest.xml:11:5-12:19
MERGED from [:SMSSDKGUI-2.0.2:] AndroidManifest.xml:11:5-12:19
MERGED from [com.android.support:support-v4:23.1.1] AndroidManifest.xml:22:5-20
	android:label
		ADDED from src\main\AndroidManifest.xml:45:9-41
	android:supportsRtl
		ADDED from src\main\AndroidManifest.xml:46:9-35
	android:hardwareAccelerated
		ADDED from src\main\AndroidManifest.xml:43:9-43
	android:allowBackup
		ADDED from src\main\AndroidManifest.xml:42:9-35
	android:icon
		ADDED from src\main\AndroidManifest.xml:44:9-43
	android:theme
		ADDED from src\main\AndroidManifest.xml:47:9-40
	android:name
		ADDED from src\main\AndroidManifest.xml:41:9-43
meta-data#com.baidu.lbsapi.API_KEY
ADDED from src\main\AndroidManifest.xml:48:9-50:56
	android:value
		ADDED from src\main\AndroidManifest.xml:50:13-53
	android:name
		ADDED from src\main\AndroidManifest.xml:49:13-52
service#com.baidu.location.f
ADDED from src\main\AndroidManifest.xml:51:9-54:49
	android:enabled
		ADDED from src\main\AndroidManifest.xml:53:13-35
	android:process
		ADDED from src\main\AndroidManifest.xml:54:13-38
	android:name
		ADDED from src\main\AndroidManifest.xml:52:13-48
activity#com.example.dell.chihuobao.activity.WelcomeActivity
ADDED from src\main\AndroidManifest.xml:56:9-61:20
	android:label
		ADDED from src\main\AndroidManifest.xml:58:13-45
	android:theme
		ADDED from src\main\AndroidManifest.xml:59:13-56
	android:name
		ADDED from src\main\AndroidManifest.xml:57:13-53
activity#com.example.dell.chihuobao.activity.FoodMenuModifyActivity
ADDED from src\main\AndroidManifest.xml:63:9-68
	android:name
		ADDED from src\main\AndroidManifest.xml:63:19-66
activity#cn.jpush.android.ui.PushActivity
ADDED from src\main\AndroidManifest.xml:66:9-76:20
	android:exported
		ADDED from src\main\AndroidManifest.xml:69:13-37
	android:configChanges
		ADDED from src\main\AndroidManifest.xml:68:13-63
	android:name
		ADDED from src\main\AndroidManifest.xml:67:13-60
intent-filter#android.intent.category.DEFAULT+cn.jpush.android.ui.PushActivity+com.example.dell.chihuobao
ADDED from src\main\AndroidManifest.xml:70:13-75:29
action#cn.jpush.android.ui.PushActivity
ADDED from src\main\AndroidManifest.xml:71:17-75
	android:name
		ADDED from src\main\AndroidManifest.xml:71:25-72
category#android.intent.category.DEFAULT
ADDED from src\main\AndroidManifest.xml:73:17-76
	android:name
		ADDED from src\main\AndroidManifest.xml:73:27-73
category#com.example.dell.chihuobao
ADDED from src\main\AndroidManifest.xml:74:17-71
	android:name
		ADDED from src\main\AndroidManifest.xml:74:27-68
service#cn.jpush.android.service.DownloadService
ADDED from src\main\AndroidManifest.xml:78:9-82:19
	android:enabled
		ADDED from src\main\AndroidManifest.xml:80:13-35
	android:exported
		ADDED from src\main\AndroidManifest.xml:81:13-37
	android:name
		ADDED from src\main\AndroidManifest.xml:79:13-68
service#cn.jpush.android.service.PushService
ADDED from src\main\AndroidManifest.xml:85:9-95:19
	android:enabled
		ADDED from src\main\AndroidManifest.xml:87:13-35
	android:exported
		ADDED from src\main\AndroidManifest.xml:88:13-37
	android:name
		ADDED from src\main\AndroidManifest.xml:86:13-64
intent-filter#cn.jpush.android.intent.PUSH_TIME+cn.jpush.android.intent.PushService+cn.jpush.android.intent.REGISTER+cn.jpush.android.intent.REPORT
ADDED from src\main\AndroidManifest.xml:89:13-94:29
action#cn.jpush.android.intent.REGISTER
ADDED from src\main\AndroidManifest.xml:90:17-75
	android:name
		ADDED from src\main\AndroidManifest.xml:90:25-72
action#cn.jpush.android.intent.REPORT
ADDED from src\main\AndroidManifest.xml:91:17-73
	android:name
		ADDED from src\main\AndroidManifest.xml:91:25-70
action#cn.jpush.android.intent.PushService
ADDED from src\main\AndroidManifest.xml:92:17-78
	android:name
		ADDED from src\main\AndroidManifest.xml:92:25-75
action#cn.jpush.android.intent.PUSH_TIME
ADDED from src\main\AndroidManifest.xml:93:17-76
	android:name
		ADDED from src\main\AndroidManifest.xml:93:25-73
service#cn.jpush.android.service.DaemonService
ADDED from src\main\AndroidManifest.xml:96:9-104:19
	android:enabled
		ADDED from src\main\AndroidManifest.xml:98:13-35
	android:exported
		ADDED from src\main\AndroidManifest.xml:99:13-36
	android:name
		ADDED from src\main\AndroidManifest.xml:97:13-66
intent-filter#cn.jpush.android.intent.DaemonService+com.example.dell.chihuobao
ADDED from src\main\AndroidManifest.xml:100:13-103:29
action#cn.jpush.android.intent.DaemonService
ADDED from src\main\AndroidManifest.xml:101:17-80
	android:name
		ADDED from src\main\AndroidManifest.xml:101:25-77
receiver#cn.jpush.android.service.PushReceiver
ADDED from src\main\AndroidManifest.xml:106:9-126:20
	android:enabled
		ADDED from src\main\AndroidManifest.xml:108:13-35
	android:exported
		ADDED from src\main\AndroidManifest.xml:109:13-37
	android:name
		ADDED from src\main\AndroidManifest.xml:107:13-65
intent-filter#cn.jpush.android.intent.NOTIFICATION_RECEIVED_PROXY+com.example.dell.chihuobao
ADDED from src\main\AndroidManifest.xml:110:13-114:29
	android:priority
		ADDED from src\main\AndroidManifest.xml:110:28-51
action#cn.jpush.android.intent.NOTIFICATION_RECEIVED_PROXY
ADDED from src\main\AndroidManifest.xml:111:17-94
	android:name
		ADDED from src\main\AndroidManifest.xml:111:25-91
intent-filter#android.intent.action.USER_PRESENT+android.net.conn.CONNECTIVITY_CHANGE
ADDED from src\main\AndroidManifest.xml:115:13-118:29
action#android.intent.action.USER_PRESENT
ADDED from src\main\AndroidManifest.xml:116:17-77
	android:name
		ADDED from src\main\AndroidManifest.xml:116:25-74
action#android.net.conn.CONNECTIVITY_CHANGE
ADDED from src\main\AndroidManifest.xml:117:17-79
	android:name
		ADDED from src\main\AndroidManifest.xml:117:25-76
intent-filter#android.intent.action.PACKAGE_ADDED+android.intent.action.PACKAGE_REMOVED
ADDED from src\main\AndroidManifest.xml:120:13-125:29
action#android.intent.action.PACKAGE_ADDED
ADDED from src\main\AndroidManifest.xml:121:17-78
	android:name
		ADDED from src\main\AndroidManifest.xml:121:25-75
action#android.intent.action.PACKAGE_REMOVED
ADDED from src\main\AndroidManifest.xml:122:17-80
	android:name
		ADDED from src\main\AndroidManifest.xml:122:25-77
data
ADDED from src\main\AndroidManifest.xml:124:17-50
	android:scheme
		ADDED from src\main\AndroidManifest.xml:124:23-47
receiver#cn.jpush.android.service.AlarmReceiver
ADDED from src\main\AndroidManifest.xml:128:9-75
	android:name
		ADDED from src\main\AndroidManifest.xml:128:19-72
receiver#com.example.dell.chihuobao.service.PushReceiver
ADDED from src\main\AndroidManifest.xml:130:9-148:20
	android:enabled
		ADDED from src\main\AndroidManifest.xml:132:13-35
	android:exported
		ADDED from src\main\AndroidManifest.xml:133:13-37
	android:name
		ADDED from src\main\AndroidManifest.xml:131:13-49
intent-filter#cn.jpush.android.intent.ACTION_RICHPUSH_CALLBACK+cn.jpush.android.intent.CONNECTION+cn.jpush.android.intent.MESSAGE_RECEIVED+cn.jpush.android.intent.NOTIFICATION_OPENED+cn.jpush.android.intent.NOTIFICATION_RECEIVED+cn.jpush.android.intent.REGISTRATION+cn.jpush.android.intent.UNREGISTRATION+com.example.dell.chihuobao
ADDED from src\main\AndroidManifest.xml:134:13-147:29
action#cn.jpush.android.intent.REGISTRATION
ADDED from src\main\AndroidManifest.xml:135:17-79
	android:name
		ADDED from src\main\AndroidManifest.xml:135:25-76
action#cn.jpush.android.intent.UNREGISTRATION
ADDED from src\main\AndroidManifest.xml:137:17-81
	android:name
		ADDED from src\main\AndroidManifest.xml:137:25-78
action#cn.jpush.android.intent.MESSAGE_RECEIVED
ADDED from src\main\AndroidManifest.xml:138:17-83
	android:name
		ADDED from src\main\AndroidManifest.xml:138:25-80
action#cn.jpush.android.intent.NOTIFICATION_RECEIVED
ADDED from src\main\AndroidManifest.xml:140:17-88
	android:name
		ADDED from src\main\AndroidManifest.xml:140:25-85
action#cn.jpush.android.intent.NOTIFICATION_OPENED
ADDED from src\main\AndroidManifest.xml:141:17-86
	android:name
		ADDED from src\main\AndroidManifest.xml:141:25-83
action#cn.jpush.android.intent.ACTION_RICHPUSH_CALLBACK
ADDED from src\main\AndroidManifest.xml:142:17-91
	android:name
		ADDED from src\main\AndroidManifest.xml:142:25-88
action#cn.jpush.android.intent.CONNECTION
ADDED from src\main\AndroidManifest.xml:144:17-77
	android:name
		ADDED from src\main\AndroidManifest.xml:144:25-74
meta-data#JPUSH_CHANNEL
ADDED from src\main\AndroidManifest.xml:150:9-152:49
	android:value
		ADDED from src\main\AndroidManifest.xml:152:13-46
	android:name
		ADDED from src\main\AndroidManifest.xml:151:13-41
meta-data#JPUSH_APPKEY
ADDED from src\main\AndroidManifest.xml:153:9-155:56
	android:value
		ADDED from src\main\AndroidManifest.xml:155:13-53
	android:name
		ADDED from src\main\AndroidManifest.xml:154:13-40
activity#com.example.dell.chihuobao.activity.LoginActivity
ADDED from src\main\AndroidManifest.xml:161:9-167:20
	android:label
		ADDED from src\main\AndroidManifest.xml:163:13-57
	android:launchMode
		ADDED from src\main\AndroidManifest.xml:165:13-43
	android:theme
		ADDED from src\main\AndroidManifest.xml:164:13-56
	android:name
		ADDED from src\main\AndroidManifest.xml:162:13-51
activity#com.example.dell.chihuobao.activity.BaseActivity
ADDED from src\main\AndroidManifest.xml:168:9-68
	android:name
		ADDED from src\main\AndroidManifest.xml:168:19-56
activity#com.example.dell.chihuobao.activity.FoodMenuAddNewFoodActivity
ADDED from src\main\AndroidManifest.xml:170:9-171:21
	android:name
		ADDED from src\main\AndroidManifest.xml:170:19-70
activity#com.mob.tools.MobUIShell
ADDED from src\main\AndroidManifest.xml:172:9-176:70
	android:windowSoftInputMode
		ADDED from src\main\AndroidManifest.xml:176:13-67
	android:configChanges
		ADDED from src\main\AndroidManifest.xml:174:13-74
	android:theme
		ADDED from src\main\AndroidManifest.xml:175:13-72
	android:name
		ADDED from src\main\AndroidManifest.xml:173:13-52
activity#com.example.dell.chihuobao.activity.PhoneVerifyActivity
ADDED from src\main\AndroidManifest.xml:177:9-179:20
	android:name
		ADDED from src\main\AndroidManifest.xml:177:19-63
activity#com.example.dell.chihuobao.activity.MainActivity
ADDED from src\main\AndroidManifest.xml:180:9-190:20
	android:label
		ADDED from src\main\AndroidManifest.xml:182:13-45
	android:theme
		ADDED from src\main\AndroidManifest.xml:183:13-56
	android:name
		ADDED from src\main\AndroidManifest.xml:181:13-76
intent-filter#android.intent.action.MAIN+android.intent.category.LAUNCHER
ADDED from src\main\AndroidManifest.xml:185:13-189:29
action#android.intent.action.MAIN
ADDED from src\main\AndroidManifest.xml:186:17-69
	android:name
		ADDED from src\main\AndroidManifest.xml:186:25-66
category#android.intent.category.LAUNCHER
ADDED from src\main\AndroidManifest.xml:188:17-77
	android:name
		ADDED from src\main\AndroidManifest.xml:188:27-74
activity#com.example.dell.chihuobao.activity.DeliverManActivity
ADDED from src\main\AndroidManifest.xml:191:9-196:20
	android:label
		ADDED from src\main\AndroidManifest.xml:193:13-45
	android:theme
		ADDED from src\main\AndroidManifest.xml:194:13-56
	android:name
		ADDED from src\main\AndroidManifest.xml:192:13-56
activity#com.example.dell.chihuobao.activity.LocationActivity
ADDED from src\main\AndroidManifest.xml:197:9-202:20
	android:screenOrientation
		ADDED from src\main\AndroidManifest.xml:200:13-49
	android:configChanges
		ADDED from src\main\AndroidManifest.xml:199:13-63
	android:name
		ADDED from src\main\AndroidManifest.xml:198:13-54
activity#com.example.dell.chihuobao.activity.FeedBackActivity
ADDED from src\main\AndroidManifest.xml:203:9-205:20
	android:name
		ADDED from src\main\AndroidManifest.xml:203:19-60
uses-permission#com.android.launcher.permission.READ_SETTINGS
ADDED from src\main\AndroidManifest.xml:212:5-85
	android:name
		ADDED from src\main\AndroidManifest.xml:212:22-82
uses-permission#android.permission.READ_CONTACTS
ADDED from src\main\AndroidManifest.xml:213:5-72
	android:name
		ADDED from src\main\AndroidManifest.xml:213:22-69
uses-permission#android.permission.RECEIVE_SMS
ADDED from src\main\AndroidManifest.xml:222:5-70
	android:name
		ADDED from src\main\AndroidManifest.xml:222:22-67
uses-permission#android.permission.READ_LOGS
ADDED from src\main\AndroidManifest.xml:223:5-68
	android:name
		ADDED from src\main\AndroidManifest.xml:223:22-65